  TLinguistics.c
C:\C Projects\Project\31_TLinguistics\TLinguistics_C\TLinguistics.c(84,46): warning C4047: функция: "wchar_t" отличается по уровням косвенного обращения от "void *"
C:\C Projects\Project\31_TLinguistics\TLinguistics_C\TLinguistics.c(84,45): warning C4024: wmemset: различные типы для формального и фактического параметров 2
C:\C Projects\Project\31_TLinguistics\TLinguistics_C\TLinguistics.c(139,80): warning C4047: =: "wchar_t" отличается по уровням косвенного обращения от "void *"
C:\C Projects\Project\31_TLinguistics\TLinguistics_C\TLinguistics.c(165,80): warning C4047: =: "wchar_t" отличается по уровням косвенного обращения от "void *"
C:\C Projects\Project\31_TLinguistics\TLinguistics_C\TLinguistics.c(199,49): warning C4047: ==: "int" отличается по уровням косвенного обращения от "void *"
C:\C Projects\Project\31_TLinguistics\TLinguistics_C\TLinguistics.c(211,49): warning C4047: ==: "int" отличается по уровням косвенного обращения от "void *"
C:\C Projects\Project\31_TLinguistics\TLinguistics_C\TLinguistics.c(248,46): warning C4047: =: "wchar_t" отличается по уровням косвенного обращения от "void *"
C:\C Projects\Project\31_TLinguistics\TLinguistics_C\TLinguistics.c(250,46): warning C4047: =: "wchar_t" отличается по уровням косвенного обращения от "void *"
C:\C Projects\Project\31_TLinguistics\TLinguistics_C\TLinguistics.c(252,48): warning C4047: =: "wchar_t" отличается по уровням косвенного обращения от "void *"
C:\C Projects\Project\31_TLinguistics\TLinguistics_C\TLinguistics.c(254,50): warning C4047: =: "wchar_t" отличается по уровням косвенного обращения от "void *"
C:\C Projects\Project\31_TLinguistics\TLinguistics_C\TLinguistics.c(256,48): warning C4047: =: "wchar_t" отличается по уровням косвенного обращения от "void *"
C:\C Projects\Project\31_TLinguistics\TLinguistics_C\TLinguistics.c(258,46): warning C4047: =: "wchar_t" отличается по уровням косвенного обращения от "void *"
C:\C Projects\Project\31_TLinguistics\TLinguistics_C\TLinguistics.c(262,51): warning C4047: =: "wchar_t" отличается по уровням косвенного обращения от "void *"
C:\C Projects\Project\31_TLinguistics\TLinguistics_C\TLinguistics.c(265,50): warning C4047: =: "wchar_t" отличается по уровням косвенного обращения от "void *"
C:\C Projects\Project\31_TLinguistics\TLinguistics_C\TLinguistics.c(267,49): warning C4047: =: "wchar_t" отличается по уровням косвенного обращения от "void *"
C:\C Projects\Project\31_TLinguistics\TLinguistics_C\TLinguistics.c(270,51): warning C4047: =: "wchar_t" отличается по уровням косвенного обращения от "void *"
C:\C Projects\Project\31_TLinguistics\TLinguistics_C\TLinguistics.c(273,50): warning C4047: =: "wchar_t" отличается по уровням косвенного обращения от "void *"
C:\C Projects\Project\31_TLinguistics\TLinguistics_C\TLinguistics.c(322,56): warning C4047: =: "wchar_t" отличается по уровням косвенного обращения от "void *"
C:\C Projects\Project\31_TLinguistics\TLinguistics_C\TLinguistics.c(325,56): warning C4047: =: "wchar_t" отличается по уровням косвенного обращения от "void *"
C:\C Projects\Project\31_TLinguistics\TLinguistics_C\TLinguistics.c(328,60): warning C4047: =: "wchar_t" отличается по уровням косвенного обращения от "void *"
C:\C Projects\Project\31_TLinguistics\TLinguistics_C\TLinguistics.c(331,64): warning C4047: =: "wchar_t" отличается по уровням косвенного обращения от "void *"
C:\C Projects\Project\31_TLinguistics\TLinguistics_C\TLinguistics.c(334,60): warning C4047: =: "wchar_t" отличается по уровням косвенного обращения от "void *"
C:\C Projects\Project\31_TLinguistics\TLinguistics_C\TLinguistics.c(337,56): warning C4047: =: "wchar_t" отличается по уровням косвенного обращения от "void *"
C:\C Projects\Project\31_TLinguistics\TLinguistics_C\TLinguistics.c(349,56): warning C4047: =: "wchar_t" отличается по уровням косвенного обращения от "void *"
C:\C Projects\Project\31_TLinguistics\TLinguistics_C\TLinguistics.c(352,56): warning C4047: =: "wchar_t" отличается по уровням косвенного обращения от "void *"
C:\C Projects\Project\31_TLinguistics\TLinguistics_C\TLinguistics.c(355,60): warning C4047: =: "wchar_t" отличается по уровням косвенного обращения от "void *"
C:\C Projects\Project\31_TLinguistics\TLinguistics_C\TLinguistics.c(358,64): warning C4047: =: "wchar_t" отличается по уровням косвенного обращения от "void *"
C:\C Projects\Project\31_TLinguistics\TLinguistics_C\TLinguistics.c(361,60): warning C4047: =: "wchar_t" отличается по уровням косвенного обращения от "void *"
C:\C Projects\Project\31_TLinguistics\TLinguistics_C\TLinguistics.c(364,56): warning C4047: =: "wchar_t" отличается по уровням косвенного обращения от "void *"
C:\C Projects\Project\31_TLinguistics\TLinguistics_C\TLinguistics.c(394,39): warning C4047: ==: "int" отличается по уровням косвенного обращения от "void *"
C:\C Projects\Project\31_TLinguistics\TLinguistics_C\TLinguistics.c(399,39): warning C4047: ==: "int" отличается по уровням косвенного обращения от "void *"
C:\C Projects\Project\31_TLinguistics\TLinguistics_C\TLinguistics.c(404,41): warning C4047: ==: "int" отличается по уровням косвенного обращения от "void *"
C:\C Projects\Project\31_TLinguistics\TLinguistics_C\TLinguistics.c(409,41): warning C4047: ==: "int" отличается по уровням косвенного обращения от "void *"
C:\C Projects\Project\31_TLinguistics\TLinguistics_C\TLinguistics.c(414,43): warning C4047: ==: "int" отличается по уровням косвенного обращения от "void *"
C:\C Projects\Project\31_TLinguistics\TLinguistics_C\TLinguistics.c(419,39): warning C4047: ==: "int" отличается по уровням косвенного обращения от "void *"
C:\C Projects\Project\31_TLinguistics\TLinguistics_C\TLinguistics.c(428,39): warning C4047: ==: "int" отличается по уровням косвенного обращения от "void *"
C:\C Projects\Project\31_TLinguistics\TLinguistics_C\TLinguistics.c(433,39): warning C4047: ==: "int" отличается по уровням косвенного обращения от "void *"
C:\C Projects\Project\31_TLinguistics\TLinguistics_C\TLinguistics.c(438,41): warning C4047: ==: "int" отличается по уровням косвенного обращения от "void *"
C:\C Projects\Project\31_TLinguistics\TLinguistics_C\TLinguistics.c(443,41): warning C4047: ==: "int" отличается по уровням косвенного обращения от "void *"
C:\C Projects\Project\31_TLinguistics\TLinguistics_C\TLinguistics.c(448,43): warning C4047: ==: "int" отличается по уровням косвенного обращения от "void *"
C:\C Projects\Project\31_TLinguistics\TLinguistics_C\TLinguistics.c(453,39): warning C4047: ==: "int" отличается по уровням косвенного обращения от "void *"
C:\C Projects\Project\31_TLinguistics\TLinguistics_C\TLinguistics.c(481,56): warning C4047: =: "wchar_t" отличается по уровням косвенного обращения от "void *"
C:\C Projects\Project\31_TLinguistics\TLinguistics_C\TLinguistics.c(493,56): warning C4047: =: "wchar_t" отличается по уровням косвенного обращения от "void *"
C:\C Projects\Project\31_TLinguistics\TLinguistics_C\TLinguistics.c(523,39): warning C4047: ==: "int" отличается по уровням косвенного обращения от "void *"
C:\C Projects\Project\31_TLinguistics\TLinguistics_C\TLinguistics.c(531,39): warning C4047: ==: "int" отличается по уровням косвенного обращения от "void *"
C:\C Projects\Project\31_TLinguistics\TLinguistics_C\TLinguistics.c(551,11): warning C4047: функция: "wchar_t *" отличается по уровням косвенного обращения от "wchar_t *[51]"
C:\C Projects\Project\31_TLinguistics\TLinguistics_C\TLinguistics.c(551,10): warning C4024: wmemcpy: различные типы для формального и фактического параметров 1
C:\C Projects\Project\31_TLinguistics\TLinguistics_C\TLinguistics.c(553,10): warning C4047: return: "wchar_t *" отличается по уровням косвенного обращения от "wchar_t *[51]"
C:\C Projects\Project\31_TLinguistics\TLinguistics_C\TLinguistics.c(559,43): warning C4047: =: "wchar_t" отличается по уровням косвенного обращения от "void *"
C:\C Projects\Project\31_TLinguistics\TLinguistics_C\TLinguistics.c(595,43): warning C4047: !=: "int" отличается по уровням косвенного обращения от "void *"
C:\C Projects\Project\31_TLinguistics\TLinguistics_C\TLinguistics.c(601,43): warning C4047: =: "wchar_t" отличается по уровням косвенного обращения от "void *"
C:\C Projects\Project\31_TLinguistics\TLinguistics_C\TLinguistics.c(609,44): warning C4047: !=: "int" отличается по уровням косвенного обращения от "void *"
C:\C Projects\Project\31_TLinguistics\TLinguistics_C\TLinguistics.c(620,45): warning C4047: !=: "int" отличается по уровням косвенного обращения от "void *"
C:\C Projects\Project\31_TLinguistics\TLinguistics_C\TLinguistics.c(629,45): warning C4047: !=: "int" отличается по уровням косвенного обращения от "void *"
C:\C Projects\Project\31_TLinguistics\TLinguistics_C\TLinguistics.c(639,49): warning C4047: =: "wchar_t" отличается по уровням косвенного обращения от "void *"
C:\C Projects\Project\31_TLinguistics\TLinguistics_C\TLinguistics.c(644,53): warning C4047: =: "wchar_t" отличается по уровням косвенного обращения от "void *"
C:\C Projects\Project\31_TLinguistics\TLinguistics_C\TLinguistics.c(648,43): warning C4047: =: "wchar_t" отличается по уровням косвенного обращения от "void *"
C:\C Projects\Project\31_TLinguistics\TLinguistics_C\TLinguistics.c(656,47): warning C4047: =: "wchar_t" отличается по уровням косвенного обращения от "void *"
C:\C Projects\Project\31_TLinguistics\TLinguistics_C\TLinguistics.c(666,47): warning C4047: =: "wchar_t" отличается по уровням косвенного обращения от "void *"
C:\C Projects\Project\31_TLinguistics\TLinguistics_C\TLinguistics.c(677,47): warning C4047: =: "wchar_t" отличается по уровням косвенного обращения от "void *"
C:\C Projects\Project\31_TLinguistics\TLinguistics_C\TLinguistics.c(689,47): warning C4047: =: "wchar_t" отличается по уровням косвенного обращения от "void *"
C:\C Projects\Project\31_TLinguistics\TLinguistics_C\TLinguistics.c(701,47): warning C4047: =: "wchar_t" отличается по уровням косвенного обращения от "void *"
C:\C Projects\Project\31_TLinguistics\TLinguistics_C\TLinguistics.c(712,47): warning C4047: =: "wchar_t" отличается по уровням косвенного обращения от "void *"
C:\C Projects\Project\31_TLinguistics\TLinguistics_C\TLinguistics.c(723,47): warning C4047: =: "wchar_t" отличается по уровням косвенного обращения от "void *"
C:\C Projects\Project\31_TLinguistics\TLinguistics_C\TLinguistics.c(732,103): warning C4047: !=: "int" отличается по уровням косвенного обращения от "void *"
C:\C Projects\Project\31_TLinguistics\TLinguistics_C\TLinguistics.c(735,47): warning C4047: =: "wchar_t" отличается по уровням косвенного обращения от "void *"
C:\C Projects\Project\31_TLinguistics\TLinguistics_C\TLinguistics.c(763,48): warning C4047: ==: "int" отличается по уровням косвенного обращения от "void *"
C:\C Projects\Project\31_TLinguistics\TLinguistics_C\TLinguistics.c(768,32): warning C4047: =: "wchar_t" отличается по уровням косвенного обращения от "void *"
C:\C Projects\Project\31_TLinguistics\TLinguistics_C\TLinguistics.c(799,67): warning C4047: =: "wchar_t" отличается по уровням косвенного обращения от "void *"
C:\C Projects\Project\31_TLinguistics\TLinguistics_C\TLinguistics.c(815,65): warning C4047: =: "wchar_t" отличается по уровням косвенного обращения от "void *"
C:\C Projects\Project\31_TLinguistics\TLinguistics_C\TLinguistics.c(833,67): warning C4047: =: "wchar_t" отличается по уровням косвенного обращения от "void *"
C:\C Projects\Project\31_TLinguistics\TLinguistics_C\TLinguistics.c(848,66): warning C4047: =: "wchar_t" отличается по уровням косвенного обращения от "void *"
C:\C Projects\Project\31_TLinguistics\TLinguistics_C\TLinguistics.c(871,67): warning C4047: =: "wchar_t" отличается по уровням косвенного обращения от "void *"
C:\C Projects\Project\31_TLinguistics\TLinguistics_C\TLinguistics.c(882,65): warning C4047: =: "wchar_t" отличается по уровням косвенного обращения от "void *"
C:\C Projects\Project\31_TLinguistics\TLinguistics_C\TLinguistics.c(893,67): warning C4047: =: "wchar_t" отличается по уровням косвенного обращения от "void *"
C:\C Projects\Project\31_TLinguistics\TLinguistics_C\TLinguistics.c(904,67): warning C4047: =: "wchar_t" отличается по уровням косвенного обращения от "void *"
C:\C Projects\Project\31_TLinguistics\TLinguistics_C\TLinguistics.c(914,7): warning C4101: m: неиспользованная локальная переменная
C:\C Projects\Project\31_TLinguistics\TLinguistics_C\TLinguistics.c(958,44): warning C4047: !=: "int" отличается по уровням косвенного обращения от "void *"
C:\C Projects\Project\31_TLinguistics\TLinguistics_C\TLinguistics.c(963,44): warning C4047: !=: "int" отличается по уровням косвенного обращения от "void *"
C:\C Projects\Project\31_TLinguistics\TLinguistics_C\TLinguistics.c(971,43): warning C4047: !=: "int" отличается по уровням косвенного обращения от "void *"
C:\C Projects\Project\31_TLinguistics\TLinguistics_C\TLinguistics.c(976,43): warning C4047: !=: "int" отличается по уровням косвенного обращения от "void *"
C:\C Projects\Project\31_TLinguistics\TLinguistics_C\TLinguistics.c(984,44): warning C4047: !=: "int" отличается по уровням косвенного обращения от "void *"
C:\C Projects\Project\31_TLinguistics\TLinguistics_C\TLinguistics.c(989,44): warning C4047: !=: "int" отличается по уровням косвенного обращения от "void *"
C:\C Projects\Project\31_TLinguistics\TLinguistics_C\TLinguistics.c(996,43): warning C4047: ==: "int" отличается по уровням косвенного обращения от "void *"
C:\C Projects\Project\31_TLinguistics\TLinguistics_C\TLinguistics.c(1012,44): warning C4047: !=: "int" отличается по уровням косвенного обращения от "void *"
C:\C Projects\Project\31_TLinguistics\TLinguistics_C\TLinguistics.c(1017,44): warning C4047: !=: "int" отличается по уровням косвенного обращения от "void *"
C:\C Projects\Project\31_TLinguistics\TLinguistics_C\TLinguistics.c(1025,43): warning C4047: !=: "int" отличается по уровням косвенного обращения от "void *"
C:\C Projects\Project\31_TLinguistics\TLinguistics_C\TLinguistics.c(1030,43): warning C4047: !=: "int" отличается по уровням косвенного обращения от "void *"
C:\C Projects\Project\31_TLinguistics\TLinguistics_C\TLinguistics.c(1038,44): warning C4047: !=: "int" отличается по уровням косвенного обращения от "void *"
C:\C Projects\Project\31_TLinguistics\TLinguistics_C\TLinguistics.c(1043,44): warning C4047: !=: "int" отличается по уровням косвенного обращения от "void *"
C:\C Projects\Project\31_TLinguistics\TLinguistics_C\TLinguistics.c(1050,43): warning C4047: ==: "int" отличается по уровням косвенного обращения от "void *"
C:\C Projects\Project\31_TLinguistics\TLinguistics_C\TLinguistics.c(1061,7): warning C4101: m: неиспользованная локальная переменная
C:\C Projects\Project\31_TLinguistics\TLinguistics_C\TLinguistics.c(553): warning C4172: возвращение адреса локальной или временной переменной : s
  TLinguistics_C.vcxproj -> C:\C Projects\Project\31_TLinguistics\TLinguistics_C\x64\Debug\TLinguistics_C.exe
